<?xml version="1.0" encoding="UTF-8"?>
<!-- Generated by org.testng.reporters.JUnitReportReporter -->
<testsuite hostname="GAGAN-001" failures="0" tests="4" name="api.test.UserTests" time="5.749" errors="0" timestamp="2023-06-24T16:36:02 EDT" skipped="0">
  <testcase classname="api.test.UserTests" name="testPostUser" time="2.286"/>
  <system-out/>
  <testcase classname="api.test.UserTests" name="testGetuserByName" time="0.592"/>
  <system-out/>
  <testcase classname="api.test.UserTests" name="testUpdateUserByName" time="1.462"/>
  <system-out/>
  <testcase classname="api.test.UserTests" name="testDeleteUserByName" time="1.409"/>
  <system-out/>
</testsuite> <!-- api.test.UserTests -->
