<?xml version="1.0" encoding="UTF-8"?>
<!-- Generated by org.testng.reporters.JUnitReportReporter -->
<testsuite hostname="GAGAN-001" failures="0" tests="4" name="api.test.UserTestsfrompropertiesFile" time="3.499" errors="0" timestamp="2023-06-25T13:44:10 EDT" skipped="0">
  <testcase classname="api.test.UserTestsfrompropertiesFile" name="testPostUser" time="2.257"/>
  <system-out/>
  <testcase classname="api.test.UserTestsfrompropertiesFile" name="testGetuserByName" time="0.309"/>
  <system-out/>
  <testcase classname="api.test.UserTestsfrompropertiesFile" name="testUpdateUserByName" time="0.610"/>
  <system-out/>
  <testcase classname="api.test.UserTestsfrompropertiesFile" name="testDeleteUserByName" time="0.323"/>
  <system-out/>
</testsuite> <!-- api.test.UserTestsfrompropertiesFile -->
