<?xml version="1.0" encoding="UTF-8"?>
<!-- Generated by org.testng.reporters.JUnitReportReporter -->
<testsuite hostname="GAGAN-001" failures="0" tests="6" name="api.test.DataDrivenTest" time="3.703" errors="0" timestamp="2023-06-24T15:48:41 EDT" skipped="0">
  <testcase classname="api.test.DataDrivenTest" name="testPostuser" time="2.373"/>
  <system-out/>
  <testcase classname="api.test.DataDrivenTest" name="testPostuser" time="0.284"/>
  <system-out/>
  <testcase classname="api.test.DataDrivenTest" name="testPostuser" time="0.333"/>
  <system-out/>
  <testcase classname="api.test.DataDrivenTest" name="testDeleteUserByName" time="0.247"/>
  <system-out/>
  <testcase classname="api.test.DataDrivenTest" name="testDeleteUserByName" time="0.214"/>
  <system-out/>
  <testcase classname="api.test.DataDrivenTest" name="testDeleteUserByName" time="0.252"/>
  <system-out/>
</testsuite> <!-- api.test.DataDrivenTest -->
